<?xml version="1.0" encoding="UTF-8"?>
<testsuite name="name.nikolaikochkin.vertx_starter.future_promise.FuturePromiseExampleTest" tests="1" skipped="0" failures="0" errors="0" timestamp="2023-07-28T11:30:05" hostname="MBP-Nikolay.home" time="0.843">
  <properties/>
  <testcase name="shouldFutureCompose(Vertx, VertxTestContext)" classname="name.nikolaikochkin.vertx_starter.future_promise.FuturePromiseExampleTest" time="0.843"/>
  <system-out><![CDATA[?[34m13:30:06.409?[m [vert.x-eventloop-thread-0] ?[36mDEBUG?[m ?[35mn.n.v.f.FuturePromiseExampleTest?[m - Success Future{result=(Future{result=null},Future{result=null},Future{result=null})}
]]></system-out>
  <system-err><![CDATA[]]></system-err>
</testsuite>
