<?xml version="1.0" encoding="UTF-8"?>
<testsuite name="name.nikolaikochkin.vertx_starter.TestMainVerticle" tests="1" skipped="0" failures="0" errors="0" timestamp="2023-07-25T14:33:15" hostname="MBP-Nikolay.home" time="0.148">
  <properties/>
  <testcase name="verticle_deployed(Vertx, VertxTestContext)" classname="name.nikolaikochkin.vertx_starter.TestMainVerticle" time="0.148"/>
  <system-out><![CDATA[HTTP server started on port 8888
]]></system-out>
  <system-err><![CDATA[Jul 25, 2023 4:33:16 PM io.netty.resolver.dns.DnsServerAddressStreamProviders <clinit>
WARNING: Can not find io.netty.resolver.dns.macos.MacOSDnsServerAddressStreamProvider in the classpath, fallback to system defaults. This may result in incorrect DNS resolutions on MacOS. Check whether you have a dependency on 'io.netty:netty-resolver-dns-native-macos'
]]></system-err>
</testsuite>
